<?xml version="1.0" encoding="UTF-8"?>
<!-- Generated by org.testng.reporters.JUnitXMLReporter -->
<testsuite hostname="vicky-PC" ignored="0" name="Degital Bank" tests="3" failures="0" timestamp="2020-06-14T12:26:03 IST" time="38.238" errors="0">
  <testcase name="validatePageURL" time="0.072" classname="com.db.qa.testCases.LoginPageTest"/>
  <testcase name="validatePageTitle" time="0.014" classname="com.db.qa.testCases.LoginPageTest"/>
  <testcase name="loginTest" time="5.744" classname="com.db.qa.testCases.LoginPageTest"/>
</testsuite> <!-- Degital Bank -->
