<?xml version="1.0" encoding="UTF-8"?>
<!-- Generated by org.testng.reporters.JUnitXMLReporter -->
<testsuite hostname="vicky-PC" ignored="2" name="Default test" tests="1" failures="0" timestamp="2020-06-14T11:15:24 IST" time="102.475" errors="0">
  <testcase name="verifyWithdrawFromAccountTest" time="38.145" classname="com.db.qa.testCases.WithdrawPageTest"/>
  <testcase name="withdrawPageURLTest" time="0.0" classname="com.db.qa.testCases.WithdrawPageTest">
    <ignored/>
  </testcase> <!-- withdrawPageURLTest -->
  <testcase name="verifyTextOnWithdwarPageTest" time="0.0" classname="com.db.qa.testCases.WithdrawPageTest">
    <ignored/>
  </testcase> <!-- verifyTextOnWithdwarPageTest -->
</testsuite> <!-- Default test -->
