<?xml version="1.0" encoding="UTF-8"?>
<!-- Generated by org.testng.reporters.JUnitXMLReporter -->
<testsuite hostname="vicky-PC" ignored="0" name="Default test" tests="4" failures="0" timestamp="2020-06-12T20:27:23 IST" time="93.448" errors="0">
  <testcase name="validateNewCheckingPageURL" time="0.058" classname="com.db.qa.testCases.NewCheckingPageTest"/>
  <testcase name="validateTheText" time="0.084" classname="com.db.qa.testCases.NewCheckingPageTest"/>
  <testcase name="addNewChecking" time="7.179" classname="com.db.qa.testCases.NewCheckingPageTest"/>
  <testcase name="addNewChecking" time="6.197" classname="com.db.qa.testCases.NewCheckingPageTest"/>
</testsuite> <!-- Default test -->
