<?xml version="1.0" encoding="UTF-8"?>
<!-- Generated by org.testng.reporters.JUnitXMLReporter -->
<testsuite hostname="vicky-PC" ignored="0" name="Degital Bank" tests="3" failures="0" timestamp="2020-06-14T12:17:04 IST" time="44.315" errors="0">
  <testcase name="validatePageURL" time="0.077" classname="com.db.qa.testCases.LoginPageTest"/>
  <testcase name="validatePageTitle" time="0.017" classname="com.db.qa.testCases.LoginPageTest"/>
  <testcase name="loginTest" time="6.457" classname="com.db.qa.testCases.LoginPageTest"/>
</testsuite> <!-- Degital Bank -->
