<?xml version="1.0" encoding="UTF-8"?>
<!-- Generated by org.testng.reporters.JUnitXMLReporter -->
<testsuite hostname="vicky-PC" ignored="0" name="Degital Bank" tests="7" failures="0" timestamp="2020-06-13T12:04:02 IST" time="167.551" errors="0">
  <testcase name="validatePageURL" time="0.071" classname="com.db.qa.testCases.LoginPageTest"/>
  <testcase name="validatePageTitle" time="0.012" classname="com.db.qa.testCases.LoginPageTest"/>
  <testcase name="loginTest" time="5.591" classname="com.db.qa.testCases.LoginPageTest"/>
  <testcase name="validateNewCheckingPageURL" time="0.014" classname="com.db.qa.testCases.NewCheckingPageTest"/>
  <testcase name="validateTheText" time="0.091" classname="com.db.qa.testCases.NewCheckingPageTest"/>
  <testcase name="addNewChecking" time="13.681" classname="com.db.qa.testCases.NewCheckingPageTest"/>
  <testcase name="addNewChecking" time="15.713" classname="com.db.qa.testCases.NewCheckingPageTest"/>
</testsuite> <!-- Degital Bank -->
