<?xml version="1.0" encoding="UTF-8"?>
<testng-results skipped="0" failed="0" ignored="2" total="3" passed="1">
  <reporter-output>
  </reporter-output>
  <suite name="Default suite" duration-ms="102475" started-at="2020-06-14T11:13:42 IST" finished-at="2020-06-14T11:15:24 IST">
    <groups>
    </groups>
    <test name="Default test" duration-ms="102475" started-at="2020-06-14T11:13:42 IST" finished-at="2020-06-14T11:15:24 IST">
      <class name="com.db.qa.testCases.WithdrawPageTest">
        <test-method status="PASS" signature="setUp()[pri:0, instance:com.db.qa.testCases.WithdrawPageTest@1021689]" name="setUp" is-config="true" duration-ms="63397" started-at="2020-06-14T11:13:42 IST" finished-at="2020-06-14T11:14:45 IST">
          <reporter-output>
          </reporter-output>
        </test-method> <!-- setUp -->
        <test-method status="PASS" signature="verifyWithdrawFromAccountTest()[pri:3, instance:com.db.qa.testCases.WithdrawPageTest@1021689]" name="verifyWithdrawFromAccountTest" duration-ms="38145" started-at="2020-06-14T11:14:45 IST" finished-at="2020-06-14T11:15:24 IST">
          <reporter-output>
          </reporter-output>
        </test-method> <!-- verifyWithdrawFromAccountTest -->
        <test-method status="PASS" signature="tearDown()[pri:0, instance:com.db.qa.testCases.WithdrawPageTest@1021689]" name="tearDown" is-config="true" duration-ms="637" started-at="2020-06-14T11:15:24 IST" finished-at="2020-06-14T11:15:24 IST">
          <reporter-output>
          </reporter-output>
        </test-method> <!-- tearDown -->
      </class> <!-- com.db.qa.testCases.WithdrawPageTest -->
    </test> <!-- Default test -->
  </suite> <!-- Default suite -->
</testng-results>
